<?xml version="1.0" encoding="UTF-8"?>
<!-- Generated by org.testng.reporters.JUnitReportReporter -->
<testsuite hostname="Design" name="testCases.TC001_intro" tests="1" failures="0" timestamp="22 Jun 2017 14:53:53 GMT" time="24.741" errors="0">
  <testcase name="intropagelanding" time="24.741" classname="testCases.TC001_intro"/>
</testsuite> <!-- testCases.TC001_intro -->
