<?xml version="1.0" encoding="UTF-8"?>
<!-- Generated by org.testng.reporters.JUnitReportReporter -->
<testsuite hostname="Design" name="testCases.TC001_HomePage" tests="1" failures="0" timestamp="22 Jun 2017 14:53:53 GMT" time="24.705" errors="0">
  <testcase name="intropagelanding" time="24.705" classname="testCases.TC001_HomePage"/>
</testsuite> <!-- testCases.TC001_HomePage -->
