<?xml version="1.0" encoding="UTF-8"?>
<!-- Generated by org.testng.reporters.JUnitReportReporter -->
<testsuite hostname="Design" name="testCases.TC001_intro" tests="1" failures="0" timestamp="24 Jun 2017 16:16:41 GMT" time="13.753" errors="0">
  <testcase name="intropagelanding" time="13.753" classname="testCases.TC001_intro"/>
</testsuite> <!-- testCases.TC001_intro -->
