<?xml version="1.0" encoding="UTF-8"?>
<!-- Generated by org.testng.reporters.JUnitReportReporter -->
<testsuite hostname="Design" name="testCases.TC001_HomePage" tests="1" failures="0" timestamp="27 Jun 2017 13:11:39 GMT" time="19.280" errors="0">
  <testcase name="HomePagelanding" time="19.280" classname="testCases.TC001_HomePage"/>
</testsuite> <!-- testCases.TC001_HomePage -->
